<?xml version="1.0" encoding="utf-8"?><testsuites name="pytest tests"><testsuite name="pytest" errors="0" failures="0" skipped="0" tests="8" time="1.066" timestamp="2026-08-29T11:26:31.919383+00:00" hostname="agent-env-aeb4c6a3-5c7f-4eec-8b31-8b32de466b29"><testcase classname="backend.tests.test_therapist_dashboard" name="test_login_returns_id_and_role" time="0.411" /><testcase classname="backend.tests.test_therapist_dashboard" name="test_therapist_patients_requires_auth" time="0.069" /><testcase classname="backend.tests.test_therapist_dashboard" name="test_therapist_patients_rejects_patient_role" time="0.070" /><testcase classname="backend.tests.test_therapist_dashboard" name="test_therapist_patients_accepts_therapist_returns_list" time="0.128" /><testcase classname="backend.tests.test_therapist_dashboard" name="test_signoff_rejects_patient_role" time="0.074" /><testcase classname="backend.tests.test_therapist_dashboard" name="test_signoff_accepts_therapist" time="0.096" /><testcase classname="backend.tests.test_therapist_dashboard" name="test_progress_summary_empty_for_new_user" time="0.069" /><testcase classname="backend.tests.test_therapist_dashboard" name="test_progress_summary_no_auth_returns_empty" time="0.079" /></testsuite></testsuites>