<?xml version="1.0" encoding="utf-8"?><testsuites name="pytest tests"><testsuite name="pytest" errors="0" failures="1" skipped="1" tests="20" time="12.489" timestamp="2026-06-26T21:48:47.859244+00:00" hostname="agent-env-852b1d00-f95f-4a52-affb-d25058f185fb"><testcase classname="tests.test_phase_c_features.TestCreditsBalance" name="test_anonymous_balance_returns_costs_and_sub_flag" time="0.133" /><testcase classname="tests.test_phase_c_features.TestCreditsBalance" name="test_signed_in_balance_costs_and_initial_credits" time="0.093" /><testcase classname="tests.test_phase_c_features.TestProgressSummary" name="test_anonymous_returns_empty" time="0.056" /><testcase classname="tests.test_phase_c_features.TestProgressSummary" name="test_new_user_returns_empty" time="0.092" /><testcase classname="tests.test_phase_c_features.TestProgressSummary" name="test_assessment_then_progress_summary_includes_it" time="0.148" /><testcase classname="tests.test_phase_c_features.TestBilling" name="test_subscribe_requires_auth" time="0.049" /><testcase classname="tests.test_phase_c_features.TestBilling" name="test_subscribe_wired_returns_500_with_stripe_error" time="0.291" /><testcase classname="tests.test_phase_c_features.TestBilling" name="test_buy_credits_wired_returns_500_with_stripe_error" time="0.126" /><testcase classname="tests.test_phase_c_features.TestBilling" name="test_verify_session_unknown_returns_404" time="0.095" /><testcase classname="tests.test_phase_c_features.TestBilling" name="test_webhook_accepts_no_signature_when_secret_unset" time="0.057" /><testcase classname="tests.test_phase_c_features.TestGoogleAuth" name="test_missing_session_id_returns_400" time="0.047" /><testcase classname="tests.test_phase_c_features.TestGoogleAuth" name="test_bogus_session_id_returns_401" time="0.219" /><testcase classname="tests.test_phase_c_features.TestSubscriptionBypass" name="test_assessment_does_not_decrement_credits_for_subscriber" time="0.188" /><testcase classname="tests.test_phase_c_features.TestPersonaChatCredits" name="test_persona_chat_endpoint_exists_and_consumes_credits" time="0.091"><skipped type="pytest.skip" message="Spec endpoint /api/chat/persona/message not wired; actual route is /api/personas/chat (no credit consumption)">/app/backend/tests/test_phase_c_features.py:226: Spec endpoint /api/chat/persona/message not wired; actual route is /api/personas/chat (no credit consumption)</skipped></testcase><testcase classname="tests.test_phase_c_features.TestPersonaChatCredits" name="test_personas_chat_route_credit_behavior" time="8.039"><failure message="AssertionError: premium_chat_message should burn 10 credits; balance=100 (no consumption — likely bug)&#10;assert 100 == 90">E   AssertionError: premium_chat_message should burn 10 credits; balance=100 (no consumption — likely bug)
    assert 100 == 90</failure></testcase><testcase classname="tests.test_phase_c_features.TestExistingEndpoints" name="test_tts_health" time="2.339" /><testcase classname="tests.test_phase_c_features.TestExistingEndpoints" name="test_assessment_tasks" time="0.050" /><testcase classname="tests.test_phase_c_features.TestExistingEndpoints" name="test_pose_runner_html" time="0.049" /><testcase classname="tests.test_phase_c_features.TestExistingEndpoints" name="test_rehab_runner_ex_maintenance" time="0.049" /><testcase classname="tests.test_phase_c_features.TestExistingEndpoints" name="test_onboarding_roundtrip" time="0.138" /></testsuite></testsuites>