<?xml version="1.0" encoding="utf-8"?><testsuites name="pytest tests"><testsuite name="pytest" errors="0" failures="0" skipped="0" tests="14" time="6.464" timestamp="2026-06-26T16:53:37.938229+00:00" hostname="agent-env-852b1d00-f95f-4a52-affb-d25058f185fb"><testcase classname="backend.tests.test_iter4_features" name="test_submit_returns_friendly_labels" time="0.426" /><testcase classname="backend.tests.test_iter4_features" name="test_therapists_list_has_six_with_required_fields" time="0.101" /><testcase classname="backend.tests.test_iter4_features" name="test_therapists_match_top_is_maya_okafor" time="0.181" /><testcase classname="backend.tests.test_iter4_features" name="test_stories_list_has_at_least_six_seeds" time="0.115" /><testcase classname="backend.tests.test_iter4_features" name="test_create_story_returns_no_mongo_id" time="0.227" /><testcase classname="backend.tests.test_iter4_features" name="test_chat_message_returns_warm_reply" time="2.231" /><testcase classname="backend.tests.test_iter4_features" name="test_chat_message_keeps_context" time="1.307" /><testcase classname="backend.tests.test_iter4_features" name="test_chat_history_returns_turns" time="0.128" /><testcase classname="backend.tests.test_iter4_features" name="test_chat_proactive_returns_text" time="0.138" /><testcase classname="backend.tests.test_iter4_features" name="test_get_tasks_still_works" time="0.112" /><testcase classname="backend.tests.test_iter4_features" name="test_history_endpoint_still_works" time="0.154" /><testcase classname="backend.tests.test_iter4_features" name="test_tts_health_still_works" time="1.033" /><testcase classname="backend.tests.test_iter4_features" name="test_pose_runner_html_served" time="0.110" /><testcase classname="backend.tests.test_iter4_features" name="test_rehab_runner_html_served" time="0.135" /></testsuite></testsuites>