<?xml version="1.0" encoding="utf-8"?><testsuites name="pytest tests"><testsuite name="pytest" errors="0" failures="0" skipped="0" tests="4" time="1.565" timestamp="2026-08-29T11:07:08.611838+00:00" hostname="agent-env-aeb4c6a3-5c7f-4eec-8b31-8b32de466b29"><testcase classname="backend.tests.test_account_deletion" name="test_health" time="0.281" /><testcase classname="backend.tests.test_account_deletion.TestAccountDeletion" name="test_delete_without_header_returns_401" time="0.068" /><testcase classname="backend.tests.test_account_deletion.TestAccountDeletion" name="test_delete_with_valid_user_id_soft_deletes" time="0.863" /><testcase classname="backend.tests.test_account_deletion.TestConsentRegression" name="test_new_patient_login_then_onboarding_save_and_read" time="0.287" /></testsuite></testsuites>