<?xml version="1.0" encoding="utf-8"?><testsuites name="pytest tests"><testsuite name="pytest" errors="0" failures="0" skipped="0" tests="8" time="108.763" timestamp="2026-06-26T17:20:00.595820+00:00" hostname="agent-env-852b1d00-f95f-4a52-affb-d25058f185fb"><testcase classname="backend.tests.test_iter6_features.TestTherapistsList" name="test_returns_six_therapists_with_trained_on" time="0.331" /><testcase classname="backend.tests.test_iter6_features.TestTherapistMatch" name="test_match_includes_trained_on" time="0.048" /><testcase classname="backend.tests.test_iter6_features.TestTherapistPaywall" name="test_paywall_after_fifth_user_message" time="38.414" /><testcase classname="backend.tests.test_iter6_features.TestPatientNoPaywall" name="test_patient_persona_never_paywalls" time="69.679" /><testcase classname="backend.tests.test_iter6_features.TestHopeOpener" name="test_th_001_opener" time="0.054" /><testcase classname="backend.tests.test_iter6_features.TestPriorEndpoints" name="test_root" time="0.047" /><testcase classname="backend.tests.test_iter6_features.TestPriorEndpoints" name="test_assessment_tasks" time="0.052" /><testcase classname="backend.tests.test_iter6_features.TestPriorEndpoints" name="test_community_patients" time="0.055" /></testsuite></testsuites>