<?xml version="1.0" encoding="utf-8"?><testsuites name="pytest tests"><testsuite name="pytest" errors="0" failures="0" skipped="0" tests="23" time="22.366" timestamp="2026-06-26T21:53:52.009192+00:00" hostname="agent-env-852b1d00-f95f-4a52-affb-d25058f185fb"><testcase classname="backend.tests.test_phase_c_features.TestCreditsBalance" name="test_anonymous_balance_returns_costs_and_sub_flag" time="0.333" /><testcase classname="backend.tests.test_phase_c_features.TestCreditsBalance" name="test_signed_in_balance_costs_and_initial_credits" time="0.110" /><testcase classname="backend.tests.test_phase_c_features.TestProgressSummary" name="test_anonymous_returns_empty" time="0.046" /><testcase classname="backend.tests.test_phase_c_features.TestProgressSummary" name="test_new_user_returns_empty" time="0.098" /><testcase classname="backend.tests.test_phase_c_features.TestProgressSummary" name="test_assessment_then_progress_summary_includes_it" time="0.148" /><testcase classname="backend.tests.test_phase_c_features.TestBilling" name="test_subscribe_requires_auth" time="0.047" /><testcase classname="backend.tests.test_phase_c_features.TestBilling" name="test_subscribe_wired_returns_500_with_stripe_error" time="0.303" /><testcase classname="backend.tests.test_phase_c_features.TestBilling" name="test_buy_credits_wired_returns_500_with_stripe_error" time="0.130" /><testcase classname="backend.tests.test_phase_c_features.TestBilling" name="test_verify_session_unknown_returns_404" time="0.100" /><testcase classname="backend.tests.test_phase_c_features.TestBilling" name="test_webhook_accepts_no_signature_when_secret_unset" time="0.050" /><testcase classname="backend.tests.test_phase_c_features.TestGoogleAuth" name="test_missing_session_id_returns_400" time="0.054" /><testcase classname="backend.tests.test_phase_c_features.TestGoogleAuth" name="test_bogus_session_id_returns_401" time="0.181" /><testcase classname="backend.tests.test_phase_c_features.TestSubscriptionBypass" name="test_assessment_does_not_decrement_credits_for_subscriber" time="0.187" /><testcase classname="backend.tests.test_phase_c_features.TestPersonaChatCredits" name="test_personas_chat_route_credit_behavior" time="6.508" /><testcase classname="backend.tests.test_phase_c_features.TestPersonaChatCredits" name="test_chat_persona_message_alias_also_charges_10" time="5.225" /><testcase classname="backend.tests.test_phase_c_features.TestPersonaChatCredits" name="test_personas_chat_without_user_id_returns_401" time="0.044" /><testcase classname="backend.tests.test_phase_c_features.TestPersonaChatCredits" name="test_personas_chat_insufficient_credits_returns_402" time="0.139" /><testcase classname="backend.tests.test_phase_c_features.TestPersonaChatCredits" name="test_subscribed_user_still_pays_for_persona_chat" time="7.074" /><testcase classname="backend.tests.test_phase_c_features.TestExistingEndpoints" name="test_tts_health" time="1.110" /><testcase classname="backend.tests.test_phase_c_features.TestExistingEndpoints" name="test_assessment_tasks" time="0.053" /><testcase classname="backend.tests.test_phase_c_features.TestExistingEndpoints" name="test_pose_runner_html" time="0.061" /><testcase classname="backend.tests.test_phase_c_features.TestExistingEndpoints" name="test_rehab_runner_ex_maintenance" time="0.055" /><testcase classname="backend.tests.test_phase_c_features.TestExistingEndpoints" name="test_onboarding_roundtrip" time="0.143" /></testsuite></testsuites>