<?xml version="1.0" encoding="utf-8"?><testsuites name="pytest tests"><testsuite name="pytest" errors="0" failures="0" skipped="0" tests="14" time="2.018" timestamp="2026-06-26T17:29:57.758605+00:00" hostname="agent-env-852b1d00-f95f-4a52-affb-d25058f185fb"><testcase classname="backend.tests.test_credits_and_therapist.TestUserLoginAndCredits" name="test_login_creates_patient_with_100_credits" time="0.294" /><testcase classname="backend.tests.test_credits_and_therapist.TestUserLoginAndCredits" name="test_login_idempotent_same_user_preserves_credits" time="0.146" /><testcase classname="backend.tests.test_credits_and_therapist.TestUserLoginAndCredits" name="test_credits_balance_with_header" time="0.109" /><testcase classname="backend.tests.test_credits_and_therapist.TestUserLoginAndCredits" name="test_credits_balance_anonymous" time="0.045" /><testcase classname="backend.tests.test_credits_and_therapist.TestAssessmentCredits" name="test_assessment_with_user_deducts_30_credits" time="0.150" /><testcase classname="backend.tests.test_credits_and_therapist.TestAssessmentCredits" name="test_assessment_anonymous_still_works" time="0.052" /><testcase classname="backend.tests.test_credits_and_therapist.TestAssessmentCredits" name="test_assessment_insufficient_credits_returns_402" time="0.233" /><testcase classname="backend.tests.test_credits_and_therapist.TestTherapistOnboarding" name="test_questions_returns_10" time="0.045" /><testcase classname="backend.tests.test_credits_and_therapist.TestTherapistOnboarding" name="test_submit_creates_real_therapist_profile" time="0.097" /><testcase classname="backend.tests.test_credits_and_therapist.TestTherapistOnboarding" name="test_therapist_me_returns_profile_and_bookings" time="0.137" /><testcase classname="backend.tests.test_credits_and_therapist.TestBookings" name="test_availability_returns_8_slots" time="0.049" /><testcase classname="backend.tests.test_credits_and_therapist.TestBookings" name="test_booking_video_deducts_50_credits_and_creates_commission" time="0.291" /><testcase classname="backend.tests.test_credits_and_therapist.TestBookings" name="test_booking_chat_deducts_2_credits" time="0.228" /><testcase classname="backend.tests.test_credits_and_therapist.TestTherapistsAll" name="test_all_returns_ai_and_real" time="0.048" /></testsuite></testsuites>