<?xml version="1.0" encoding="utf-8"?><testsuites name="pytest tests"><testsuite name="pytest" errors="0" failures="0" skipped="0" tests="16" time="5.236" timestamp="2026-06-26T21:07:44.041422+00:00" hostname="agent-env-852b1d00-f95f-4a52-affb-d25058f185fb"><testcase classname="backend.tests.test_iter11_features.TestPoseRunnerIter11" name="test_pose_runner_contains_all_iter11_tokens" time="0.335" /><testcase classname="backend.tests.test_iter11_features.TestPoseRunnerIter11" name="test_pose_runner_keeps_iter8_backbone" time="0.050" /><testcase classname="backend.tests.test_iter11_features.TestPoseRunnerIter11" name="test_pose_runner_html_well_formed" time="0.053" /><testcase classname="backend.tests.test_iter11_features.TestRehabRunnerIter11" name="test_rehab_runner_contains_all_iter11_tokens" time="0.051" /><testcase classname="backend.tests.test_iter11_features.TestRehabRunnerIter11" name="test_rehab_runner_does_not_contain_voice_input_error" time="0.047" /><testcase classname="backend.tests.test_iter11_features.TestRehabRunnerIter11" name="test_rehab_runner_html_well_formed" time="0.049" /><testcase classname="backend.tests.test_iter11_features.TestAssessmentTasksIter11" name="test_seven_tasks_with_nova_voice_and_icons" time="0.054" /><testcase classname="backend.tests.test_iter11_features.TestTTSIter11" name="test_tts_health" time="1.339" /><testcase classname="backend.tests.test_iter11_features.TestTTSIter11" name="test_tts_generate_returns_valid_base64_mp3" time="1.059" /><testcase classname="backend.tests.test_iter11_features.TestAssessmentHistoryPerUser" name="test_history_empty_without_header" time="0.145" /><testcase classname="backend.tests.test_iter11_features.TestAssessmentHistoryPerUser" name="test_history_returns_only_for_user" time="0.665" /><testcase classname="backend.tests.test_iter11_features.TestOnboardingRoundTrip" name="test_post_then_get_onboarding" time="0.525" /><testcase classname="backend.tests.test_iter11_features.TestProactiveChat" name="test_chat_proactive_uses_preferred_name" time="0.377" /><testcase classname="backend.tests.test_iter11_features.TestProactiveChat" name="test_chat_proactive_messages_n3_personalized" time="0.306" /><testcase classname="backend.tests.test_iter11_features.TestAssessmentSubmitIter11" name="test_submit_returns_rehab_plan" time="0.056" /><testcase classname="backend.tests.test_iter11_features.TestCommunityStories" name="test_eight_seed_stories_with_full_names" time="0.055" /></testsuite></testsuites>