<?xml version="1.0" encoding="utf-8"?><testsuites name="pytest tests"><testsuite name="pytest" errors="0" failures="0" skipped="0" tests="14" time="22.398" timestamp="2026-06-26T17:05:19.277248+00:00" hostname="agent-env-852b1d00-f95f-4a52-affb-d25058f185fb"><testcase classname="backend.tests.test_iter5_features.TestAIPatients" name="test_list_ai_patients" time="0.302" /><testcase classname="backend.tests.test_iter5_features.TestAIPatients" name="test_pt_001_opener" time="0.056" /><testcase classname="backend.tests.test_iter5_features.TestAIPatients" name="test_invalid_persona_opener_404" time="0.057" /><testcase classname="backend.tests.test_iter5_features.TestAITherapists" name="test_therapists_all_ai" time="0.053" /><testcase classname="backend.tests.test_iter5_features.TestAITherapists" name="test_th_001_opener" time="0.052" /><testcase classname="backend.tests.test_iter5_features.TestPersonaChat" name="test_chat_patient" time="7.865" /><testcase classname="backend.tests.test_iter5_features.TestPersonaChat" name="test_chat_therapist" time="13.534" /><testcase classname="backend.tests.test_iter5_features.TestPersonaChat" name="test_chat_history" time="0.060" /><testcase classname="backend.tests.test_iter5_features.TestPersonaChat" name="test_chat_invalid_persona_404" time="0.052" /><testcase classname="backend.tests.test_iter5_features.TestReminders" name="test_reminders_status" time="0.062" /><testcase classname="backend.tests.test_iter5_features.TestStories" name="test_list_stories" time="0.052" /><testcase classname="backend.tests.test_iter5_features.TestStories" name="test_post_story" time="0.053" /><testcase classname="backend.tests.test_iter5_features.TestRegression" name="test_root" time="0.051" /><testcase classname="backend.tests.test_iter5_features.TestRegression" name="test_tasks" time="0.057" /></testsuite></testsuites>