<?xml version="1.0" encoding="utf-8"?><testsuites name="pytest tests"><testsuite name="pytest" errors="0" failures="0" skipped="0" tests="10" time="4.265" timestamp="2026-06-26T19:22:44.805812+00:00" hostname="agent-env-852b1d00-f95f-4a52-affb-d25058f185fb"><testcase classname="backend.tests.test_iter8_tts_openai.TestTTS" name="test_tts_health_openai_nova" time="2.300" /><testcase classname="backend.tests.test_iter8_tts_openai.TestTTS" name="test_tts_generate_returns_valid_mp3_base64" time="1.324" /><testcase classname="backend.tests.test_iter8_tts_openai.TestTTS" name="test_tts_generate_empty_text_not_503" time="0.044" /><testcase classname="backend.tests.test_iter8_tts_openai.TestAssessmentTasks" name="test_tasks_count_voice_and_icons" time="0.044" /><testcase classname="backend.tests.test_iter8_tts_openai.TestPoseRunner" name="test_pose_runner_contains_required_tokens" time="0.049" /><testcase classname="backend.tests.test_iter8_tts_openai.TestPoseRunner" name="test_pose_runner_has_single_module_script" time="0.047" /><testcase classname="backend.tests.test_iter8_tts_openai.TestExistingEndpoints" name="test_credits_balance_no_auth" time="0.159" /><testcase classname="backend.tests.test_iter8_tts_openai.TestExistingEndpoints" name="test_assessment_history" time="0.068" /><testcase classname="backend.tests.test_iter8_tts_openai.TestExistingEndpoints" name="test_status_endpoint" time="0.046" /><testcase classname="backend.tests.test_iter8_tts_openai.TestAssessmentSubmit" name="test_submit_returns_assessment_with_rehab_plan" time="0.100" /></testsuite></testsuites>