<?xml version="1.0" encoding="utf-8"?><testsuites name="pytest tests"><testsuite name="pytest" errors="0" failures="0" skipped="0" tests="15" time="3.841" timestamp="2026-06-26T16:41:27.059788+00:00" hostname="agent-env-852b1d00-f95f-4a52-affb-d25058f185fb"><testcase classname="backend.tests.test_stroke_rehab" name="test_tts_health_reports_scope_missing" time="1.199" /><testcase classname="backend.tests.test_stroke_rehab" name="test_tts_generate_returns_503_when_scope_missing" time="0.958" /><testcase classname="backend.tests.test_stroke_rehab" name="test_get_tasks_returns_7" time="0.141" /><testcase classname="backend.tests.test_stroke_rehab" name="test_pose_runner_html" time="0.048" /><testcase classname="backend.tests.test_stroke_rehab" name="test_tts_generate_status" time="0.884" /><testcase classname="backend.tests.test_stroke_rehab" name="test_submit_returns_issues_and_plan" time="0.061" /><testcase classname="backend.tests.test_stroke_rehab" name="test_get_assessment_by_id" time="0.048" /><testcase classname="backend.tests.test_stroke_rehab" name="test_get_assessment_404" time="0.052" /><testcase classname="backend.tests.test_stroke_rehab" name="test_history_returns_list_no_id_leak" time="0.057" /><testcase classname="backend.tests.test_stroke_rehab" name="test_rehab_runner_body_mode_ex_reach" time="0.047" /><testcase classname="backend.tests.test_stroke_rehab" name="test_rehab_runner_tap_mode_ex_handopen" time="0.051" /><testcase classname="backend.tests.test_stroke_rehab" name="test_rehab_runner_unknown_falls_back_to_maintenance" time="0.046" /><testcase classname="backend.tests.test_stroke_rehab" name="test_rehab_runner_default_is_maintenance" time="0.050" /><testcase classname="backend.tests.test_stroke_rehab" name="test_rehab_runner_pinch_tap_mode" time="0.052" /><testcase classname="backend.tests.test_stroke_rehab" name="test_submit_all_complete_no_issues" time="0.046" /></testsuite></testsuites>