<?xml version="1.0" encoding="utf-8"?><testsuites name="pytest tests"><testsuite name="pytest" errors="0" failures="1" skipped="0" tests="8" time="1.037" timestamp="2026-06-26T16:10:47.222654+00:00" hostname="agent-env-852b1d00-f95f-4a52-affb-d25058f185fb"><testcase classname="backend.tests.test_stroke_rehab" name="test_get_tasks_returns_7" time="0.288" /><testcase classname="backend.tests.test_stroke_rehab" name="test_pose_runner_html" time="0.052" /><testcase classname="backend.tests.test_stroke_rehab" name="test_tts_known_500" time="0.348" /><testcase classname="backend.tests.test_stroke_rehab" name="test_submit_returns_issues_and_plan" time="0.061" /><testcase classname="backend.tests.test_stroke_rehab" name="test_get_assessment_by_id" time="0.049" /><testcase classname="backend.tests.test_stroke_rehab" name="test_get_assessment_404" time="0.048" /><testcase classname="backend.tests.test_stroke_rehab" name="test_history_returns_list_no_id_leak" time="0.048" /><testcase classname="backend.tests.test_stroke_rehab" name="test_submit_all_complete_no_issues" time="0.050"><failure message="AssertionError: assert 'NO_ISSUES' in ['TRUNK_COMP']">backend/tests/test_stroke_rehab.py:123: in test_submit_all_complete_no_issues
    assert "NO_ISSUES" in codes
E   AssertionError: assert 'NO_ISSUES' in ['TRUNK_COMP']</failure></testcase></testsuite></testsuites>